<?xml version="1.0" encoding="UTF-8"?>
<robot generator="Robot 5.0.1 (Python 3.10.5 on win32)" generated="20220924 09:45:45.021" rpa="false" schemaversion="3">
<suite id="s1" name="Sankhya Treinamento Robot Framework" source="C:\Treinamento_Robot\sankhya_treinamento_robot_framework">
<suite id="s1-s1" name="Test" source="C:\Treinamento_Robot\sankhya_treinamento_robot_framework\test">
<suite id="s1-s1-s1" name="desafio GET" source="C:\Treinamento_Robot\sankhya_treinamento_robot_framework\test\desafio_GET.robot">
<test id="s1-s1-s1-t1" name="Pegar todos os usuarios ja cadastrados e printar a qtd dos usuarios ja cadastrados" line="7">
<kw name="Dado que tenho os dados para efetuar o servico list_all_users" library="desafio_GET">
<kw name="Catenate" library="BuiltIn">
<var>${end_point}</var>
<arg>${url_base}${path_params}</arg>
<doc>Catenates the given items together and returns the resulted string.</doc>
<msg timestamp="20220924 09:45:45.343" level="INFO">${end_point} = https://gorest.co.in/public/v2/users</msg>
<status status="PASS" starttime="20220924 09:45:45.341" endtime="20220924 09:45:45.345"/>
</kw>
<kw name="Set Test Variable" library="BuiltIn">
<arg>${end_point}</arg>
<doc>Makes a variable available everywhere within the scope of the current test.</doc>
<msg timestamp="20220924 09:45:45.347" level="INFO">${end_point} = https://gorest.co.in/public/v2/users</msg>
<status status="PASS" starttime="20220924 09:45:45.346" endtime="20220924 09:45:45.349"/>
</kw>
<status status="PASS" starttime="20220924 09:45:45.340" endtime="20220924 09:45:45.349"/>
</kw>
<kw name="Quando executo servico list_all_users" library="desafio_GET">
<kw name="GET" library="RequestsLibrary">
<var>${response}</var>
<arg>${end_point}</arg>
<doc>Sends a GET request.</doc>
<msg timestamp="20220924 09:45:46.229" level="INFO">GET Request : url=https://gorest.co.in/public/v2/users 
 path_url=/public/v2/users 
 headers={'User-Agent': 'python-requests/2.28.1', 'Accept-Encoding': 'gzip, deflate', 'Accept': '*/*', 'Connection': 'keep-alive'} 
 body=None 
 </msg>
<msg timestamp="20220924 09:45:46.231" level="INFO">GET Response : url=https://gorest.co.in/public/v2/users 
 status=200, reason=OK 
 headers={'Date': 'Sat, 24 Sep 2022 12:45:46 GMT', 'Content-Type': 'application/json; charset=utf-8', 'Transfer-Encoding': 'chunked', 'Connection': 'keep-alive', 'Cache-Control': 'max-age=0, private, must-revalidate', 'etag': 'W/"39fbfddf96f276f08f1e5e3ce4666f9f"', 'referrer-policy': 'strict-origin-when-cross-origin', 'vary': 'Origin', 'x-content-type-options': 'nosniff', 'x-download-options': 'noopen', 'x-frame-options': 'SAMEORIGIN', 'x-links-current': 'https://gorest.co.in/public/v2/users?page=1', 'x-links-next': 'https://gorest.co.in/public/v2/users?page=2', 'x-links-previous': '', 'x-pagination-limit': '10', 'x-pagination-page': '1', 'x-pagination-pages': '413', 'x-pagination-total': '4127', 'x-permitted-cross-domain-policies': 'none', 'x-request-id': '2c379a93-cd5d-4313-9a93-e5124255d250', 'x-runtime': '0.019543', 'x-xss-protection': '0', 'CF-Cache-Status': 'DYNAMIC', 'Report-To': '{"endpoints":[{"url":"https:\\/\\/a.nel.cloudflare.com\\/report\\/v3?s=u5pPMFMSaRTuk1F8539rvZa4wKmQVrjLCnB%2BNltMGrTGQ9UR26QEtLJqDuSvkiWZmAxo0XbsA3DZ0CRYaA90pUiJyQ9WVXNqZsi4I6sYxoL%2BRGW1BpNXJrsNQ3yNohfWgfS8BzhzaJkPPsQ%3D"}],"group":"cf-nel","max_age":604800}', 'NEL': '{"success_fraction":0,"report_to":"cf-nel","max_age":604800}', 'Server': 'cloudflare', 'CF-RAY': '74fb9e7c686a8c18-EWR', 'Content-Encoding': 'gzip', 'alt-svc': 'h3=":443"; ma=86400, h3-29=":443"; ma=86400'} 
 body=[{"id":4185,"name":"Shankar Sharma","email":"sharma_shankar@wunsch-krajcik.biz","gender":"female","status":"active"},{"id":4184,"name":"Dr. Nalini Mahajan","email":"nalini_dr_mahajan@wintheiser.org","gender":"female","status":"active"},{"id":4183,"name":"Pres. Shashikala Nehru","email":"pres_shashikala_nehru@mertz-cremin.com","gender":"male","status":"active"},{"id":4181,"name":"Deeptimayee Marar","email":"deeptimayee_marar@bashirian-koss.com","gender":"female","status":"active"},{"id":4180,"name":"Dr. Manjusha Gupta","email":"dr_gupta_manjusha@ferry-harber.info","gender":"female","status":"active"},{"id":4179,"name":"Devak Patil","email":"patil_devak@kuhn.net","gender":"female","status":"active"},{"id":4178,"name":"Gurdev Talwar","email":"talwar_gurdev@langosh.io","gender":"male","status":"active"},{"id":4177,"name":"Ms. Gautam Patil","email":"ms_gautam_patil@goldner-towne.name","gender":"female","status":"inactive"},{"id":4176,"name":"Divaakar Agarwal IV","email":"iv_agarwal_divaakar@mcclure.info","gender":"male","status":"active"},{"id":4175,"name":"Govinda Mukhopadhyay I","email":"govinda_i_mukhopadhyay@turcotte.io","gender":"male","status":"active"}] 
 </msg>
<msg timestamp="20220924 09:45:46.233" level="INFO">${response} = &lt;Response [200]&gt;</msg>
<status status="PASS" starttime="20220924 09:45:45.353" endtime="20220924 09:45:46.235"/>
</kw>
<kw name="Log To Console" library="BuiltIn">
<arg>${response.text}</arg>
<doc>Logs the given message to the console.</doc>
<status status="PASS" starttime="20220924 09:45:46.236" endtime="20220924 09:45:46.240"/>
</kw>
<kw name="Set Test Variable" library="BuiltIn">
<arg>${response}</arg>
<doc>Makes a variable available everywhere within the scope of the current test.</doc>
<msg timestamp="20220924 09:45:46.241" level="INFO">${response} = &lt;Response [200]&gt;</msg>
<status status="PASS" starttime="20220924 09:45:46.240" endtime="20220924 09:45:46.244"/>
</kw>
<status status="PASS" starttime="20220924 09:45:45.351" endtime="20220924 09:45:46.244"/>
</kw>
<kw name="Entao valido o status code da request 200" library="desafio_GET" sourcename="Entao valido o status code da request ${status_code}">
<kw name="Should Be Equal As Strings" library="BuiltIn">
<arg>${status_code}</arg>
<arg>${response.status_code}</arg>
<doc>Fails if objects are unequal after converting them to strings.</doc>
<msg timestamp="20220924 09:45:46.248" level="INFO">Argument types are:
&lt;class 'str'&gt;
&lt;class 'int'&gt;</msg>
<status status="PASS" starttime="20220924 09:45:46.247" endtime="20220924 09:45:46.251"/>
</kw>
<kw name="Log To Console" library="BuiltIn">
<arg>\n\n\nO status code é:${response.status_code}\n\n</arg>
<doc>Logs the given message to the console.</doc>
<status status="PASS" starttime="20220924 09:45:46.251" endtime="20220924 09:45:46.254"/>
</kw>
<status status="PASS" starttime="20220924 09:45:46.246" endtime="20220924 09:45:46.255"/>
</kw>
<status status="PASS" starttime="20220924 09:45:45.337" endtime="20220924 09:45:46.255"/>
</test>
<status status="PASS" starttime="20220924 09:45:45.095" endtime="20220924 09:45:46.258"/>
</suite>
<status status="PASS" starttime="20220924 09:45:45.088" endtime="20220924 09:45:46.262"/>
</suite>
<status status="PASS" starttime="20220924 09:45:45.029" endtime="20220924 09:45:46.267"/>
</suite>
<statistics>
<total>
<stat pass="1" fail="0" skip="0">All Tests</stat>
</total>
<tag>
</tag>
<suite>
<stat pass="1" fail="0" skip="0" id="s1" name="Sankhya Treinamento Robot Framework">Sankhya Treinamento Robot Framework</stat>
<stat pass="1" fail="0" skip="0" id="s1-s1" name="Test">Sankhya Treinamento Robot Framework.Test</stat>
<stat pass="1" fail="0" skip="0" id="s1-s1-s1" name="desafio GET">Sankhya Treinamento Robot Framework.Test.desafio GET</stat>
</suite>
</statistics>
<errors>
</errors>
</robot>
