<?xml version="1.0" encoding="UTF-8"?>
<robot generator="Robot 5.0.1 (Python 3.10.5 on win32)" generated="20220806 12:38:39.866" rpa="false" schemaversion="3">
<suite id="s1" name="Api Teste" source="C:\Treinamento_Robot\sankhya_treinamento_robot_framework\test\api_teste.robot">
<test id="s1-t1" name="Exercicio livro 15" line="12">
<kw name="Preparando hambiente da conexao livro 15" library="api_teste">
<msg timestamp="20220806 12:38:39.969" level="TRACE">Arguments: [  ]</msg>
<kw name="Catenate" library="BuiltIn">
<var>${url_completa}</var>
<arg>${url_base}${path_param.livro15}</arg>
<doc>Catenates the given items together and returns the resulted string.</doc>
<msg timestamp="20220806 12:38:39.969" level="TRACE">Arguments: [ 'https://fakerestapi.azurewebsites.net/api/v1/Books/15' ]</msg>
<msg timestamp="20220806 12:38:39.969" level="TRACE">Return: 'https://fakerestapi.azurewebsites.net/api/v1/Books/15'</msg>
<msg timestamp="20220806 12:38:39.969" level="INFO">${url_completa} = https://fakerestapi.azurewebsites.net/api/v1/Books/15</msg>
<status status="PASS" starttime="20220806 12:38:39.969" endtime="20220806 12:38:39.969"/>
</kw>
<kw name="GET" library="RequestsLibrary">
<var>${arquivo_json}</var>
<arg>${url_completa}</arg>
<doc>Sends a GET request.</doc>
<msg timestamp="20220806 12:38:39.969" level="TRACE">Arguments: [ 'https://fakerestapi.azurewebsites.net/api/v1/Books/15' ]</msg>
<msg timestamp="20220806 12:38:39.972" level="DEBUG">Starting new HTTPS connection (1): fakerestapi.azurewebsites.net:443</msg>
<msg timestamp="20220806 12:38:41.155" level="DEBUG">https://fakerestapi.azurewebsites.net:443 "GET /api/v1/Books/15 HTTP/1.1" 200 None</msg>
<msg timestamp="20220806 12:38:41.161" level="INFO">GET Request : url=https://fakerestapi.azurewebsites.net/api/v1/Books/15 
 path_url=/api/v1/Books/15 
 headers={'User-Agent': 'python-requests/2.28.1', 'Accept-Encoding': 'gzip, deflate', 'Accept': '*/*', 'Connection': 'keep-alive'} 
 body=None 
 </msg>
<msg timestamp="20220806 12:38:41.161" level="INFO">GET Response : url=https://fakerestapi.azurewebsites.net/api/v1/Books/15 
 status=200, reason=OK 
 headers={'Content-Type': 'application/json; charset=utf-8; v=1.0', 'Date': 'Sat, 06 Aug 2022 15:38:40 GMT', 'Server': 'Kestrel', 'Transfer-Encoding': 'chunked', 'api-supported-versions': '1.0'} 
 body={"id":15,"title":"Book 15","description":"Lorem lorem lorem. Lorem lorem lorem. Lorem lorem lorem.\n","pageCount":1500,"excerpt":"Lorem lorem lorem. Lorem lorem lorem. Lorem lorem lorem.\nLorem lorem lorem. Lorem lorem lorem. Lorem lorem lorem.\nLorem lorem lorem. Lorem lorem lorem. Lorem lorem lorem.\nLorem lorem lorem. Lorem lorem lorem. Lorem lorem lorem.\nLorem lorem lorem. Lorem lorem lorem. Lorem lorem lorem.\n","publishDate":"2022-07-22T15:38:41.1442006+00:00"} 
 </msg>
<msg timestamp="20220806 12:38:41.163" level="TRACE">Return: &lt;Response [200]&gt;</msg>
<msg timestamp="20220806 12:38:41.163" level="INFO">${arquivo_json} = &lt;Response [200]&gt;</msg>
<status status="PASS" starttime="20220806 12:38:39.969" endtime="20220806 12:38:41.163"/>
</kw>
<kw name="Set Test Variable" library="BuiltIn">
<arg>${arquivo_json}</arg>
<doc>Makes a variable available everywhere within the scope of the current test.</doc>
<msg timestamp="20220806 12:38:41.164" level="TRACE">Arguments: [ '${arquivo_json}' ]</msg>
<msg timestamp="20220806 12:38:41.165" level="INFO">${arquivo_json} = &lt;Response [200]&gt;</msg>
<msg timestamp="20220806 12:38:41.165" level="TRACE">Return: None</msg>
<status status="PASS" starttime="20220806 12:38:41.164" endtime="20220806 12:38:41.165"/>
</kw>
<msg timestamp="20220806 12:38:41.166" level="TRACE">Return: None</msg>
<status status="PASS" starttime="20220806 12:38:39.969" endtime="20220806 12:38:41.166"/>
</kw>
<kw name="Confere status code" library="api_teste">
<msg timestamp="20220806 12:38:41.168" level="TRACE">Arguments: [  ]</msg>
<kw name="Should Be Equal As Strings" library="BuiltIn">
<arg>200</arg>
<arg>${arquivo_json.status_code}</arg>
<doc>Fails if objects are unequal after converting them to strings.</doc>
<msg timestamp="20220806 12:38:41.170" level="TRACE">Arguments: [ '200' | 200 ]</msg>
<msg timestamp="20220806 12:38:41.170" level="INFO">Argument types are:
&lt;class 'str'&gt;
&lt;class 'int'&gt;</msg>
<msg timestamp="20220806 12:38:41.170" level="TRACE">Return: None</msg>
<status status="PASS" starttime="20220806 12:38:41.168" endtime="20220806 12:38:41.171"/>
</kw>
<msg timestamp="20220806 12:38:41.172" level="TRACE">Return: None</msg>
<status status="PASS" starttime="20220806 12:38:41.168" endtime="20220806 12:38:41.172"/>
</kw>
<kw name="Confere o reason ok" library="api_teste">
<msg timestamp="20220806 12:38:41.173" level="TRACE">Arguments: [  ]</msg>
<kw name="Should Be Equal As Strings" library="BuiltIn">
<arg>OK</arg>
<arg>${arquivo_json.reason}</arg>
<doc>Fails if objects are unequal after converting them to strings.</doc>
<msg timestamp="20220806 12:38:41.174" level="TRACE">Arguments: [ 'OK' | 'OK' ]</msg>
<msg timestamp="20220806 12:38:41.175" level="DEBUG">Argument types are:
&lt;class 'str'&gt;
&lt;class 'str'&gt;</msg>
<msg timestamp="20220806 12:38:41.175" level="TRACE">Return: None</msg>
<status status="PASS" starttime="20220806 12:38:41.173" endtime="20220806 12:38:41.175"/>
</kw>
<msg timestamp="20220806 12:38:41.176" level="TRACE">Return: None</msg>
<status status="PASS" starttime="20220806 12:38:41.172" endtime="20220806 12:38:41.176"/>
</kw>
<tag>Livro15</tag>
<status status="PASS" starttime="20220806 12:38:39.969" endtime="20220806 12:38:41.177"/>
</test>
<status status="PASS" starttime="20220806 12:38:39.868" endtime="20220806 12:38:41.179"/>
</suite>
<statistics>
<total>
<stat pass="1" fail="0" skip="0">All Tests</stat>
</total>
<tag>
<stat pass="1" fail="0" skip="0">Livro15</stat>
</tag>
<suite>
<stat pass="1" fail="0" skip="0" id="s1" name="Api Teste">Api Teste</stat>
</suite>
</statistics>
<errors>
</errors>
</robot>
