<?xml version="1.0" encoding="UTF-8"?>
<robot generator="Robot 5.0.1 (Python 3.10.5 on win32)" generated="20220802 19:23:35.249" rpa="false" schemaversion="3">
<suite id="s1" name="Api" source="C:\Treinamento_Robot\sankhya_treinamento_robot_framework\test\api.robot">
<test id="s1-t1" name="Quick Get Request Test" line="6">
<kw name="GET" library="RequestsLibrary">
<var>${response}</var>
<arg>https://www.google.com</arg>
<doc>Sends a GET request.</doc>
<msg timestamp="20220802 19:23:35.565" level="INFO">GET Request : url=https://www.google.com/ 
 path_url=/ 
 headers={'User-Agent': 'python-requests/2.28.1', 'Accept-Encoding': 'gzip, deflate', 'Accept': '*/*', 'Connection': 'keep-alive'} 
 body=None 
 </msg>
<msg timestamp="20220802 19:23:35.566" level="INFO">GET Response : url=https://www.google.com/ 
 status=200, reason=OK 
 headers={'Date': 'Tue, 02 Aug 2022 22:23:35 GMT', 'Expires': '-1', 'Cache-Control': 'private, max-age=0', 'Content-Type': 'text/html; charset=ISO-8859-1', 'P3P': 'CP="This is not a P3P policy! See g.co/p3phelp for more info."', 'Content-Encoding': 'gzip', 'Server': 'gws', 'X-XSS-Protection': '0', 'X-Frame-Options': 'SAMEORIGIN', 'Set-Cookie': '1P_JAR=2022-08-02-22; expires=Thu, 01-Sep-2022 22:23:35 GMT; path=/; domain=.google.com; Secure, AEC=AakniGMzBmWIcCwb2xgyEDUT8Z7VUBfBOrxrESYA7vlz-lDU-cDlyzUBbTw; expires=Sun, 29-Jan-2023 22:23:35 GMT; path=/; domain=.google.com; Secure; HttpOnly; SameSite=lax, NID=511=j_UlQOlTULalX4DSnwkSG94i3DF5YmqSovZD9nF9QTfsbGNYyCSCxwUQ7LLAwHSKPHqYczO7sKvw0Q2PE_SCrHkmpojCj5IUQkdigDxcWbFL-zUyJS9bMqoAhsAh0X5sWlDmfJ_hwoGHDsU7DsmlvziWd5VPrw1qJach4-LoVfo; expires=Wed, 01-Feb-2023 22:23:35 GMT; path=/; domain=.google.com; HttpOnly', 'Alt-Svc': 'h3=":443"; ma=2592000,h3-29=":443"; ma=2592000,h3-Q050=":443"; ma=2592000,h3-Q046=":443"; ma=2592000,h3-Q043=":443"; ma=2592000,quic=":443"; ma=2592000; v="46,43"', 'Transfer-Encoding': 'chunked'} 
 body=&lt;!doctype html&gt;&lt;html itemscope="" itemtype="http://schema.org/WebPage" lang="pt-BR"&gt;&lt;head&gt;&lt;meta content="text/html; charset=UTF-8" http-equiv="Content-Type"&gt;&lt;meta content="/images/branding/googleg/1x/googleg_standard_color_128dp.png" itemprop="image"&gt;&lt;title&gt;Google&lt;/title&gt;&lt;script nonce="pzJnrldc48qErtP-wMAZ3Q"&gt;(function(){window.google={kEI:'56PpYuKyIMPs1sQPvO2WkA4',kEXPI:'0,18167,1284369,56873,6058,207,2414,2390,2316,383,246,5,5367,1123753,1197705,303257,77529,16114,28684,17572,4858,1362,284,9006,3021,17588,4998,13228,3847,10622,22743,1830,538,2711,1593,1279,2742,149,1103,840,2196,4101,108,4012,2023,1777,520,14670,3227,2846,6,4773,826,28171,1851,15756,3,576,6459,149,13975,4,1528,2304,7039,22023,3050,2658,4163,3194,13658,4437,16786,5824,2533,4094,4052,3,3541,1,42154,2,14022,2373,11743,11623,5679,1020,2380,20982,3,6,7752,4568,6252,23424,1252,5835,14968,4332,5017,1072,1395,445,2,2,1,24626,2006,1658,6497,6582,799,3043,9403,2234,2163,5178,14455,9,1920,5600,103,4076,23,6519,345,12243,5292,6038,862,4832,5761,193,158,446,1376,1403,1,4,1,2,223,2,1,27,5882,552,976,7,123,296,2,120,282,4,1,2,2,2,2,1440,2278,1620,617,974,155,7,1,761,356,1471,43,2390,175,1582,47,532,11,377,286,239,2898,2,2205,533,658,260,290,264,2441,728,244,397,293,229,272,3,139,286,420,865,12,84,358,1510,7,891,575,306,964,30,336,478,9,2,121,548,739,604,546,384,697,653,475,127,986,721,11369850,652,531,2803892,3311,141,801,19729,1,1,346,1007,130,23949347,2738465,1303678,1964,1008,1927,159,1358,7812,4409,3405,7173,1360997,17169',kBL:'pwxv'};google.sn='webhp';google.kHL='pt-BR';})();(function(){
var f=this||self;var h,k=[];function l(a){for(var b;a&amp;&amp;(!a.getAttribute||!(b=a.getAttribute("eid")));)a=a.parentNode;return b||h}function m(a){for(var b=null;a&amp;&amp;(!a.getAttribute||!(b=a.getAttribute("leid")));)a=a.parentNode;return b}
function n(a,b,c,d,g){var e="";c||-1!==b.search("&amp;ei=")||(e="&amp;ei="+l(d),-1===b.search("&amp;lei=")&amp;&amp;(d=m(d))&amp;&amp;(e+="&amp;lei="+d));d="";!c&amp;&amp;f._cshid&amp;&amp;-1===b.search("&amp;cshid=")&amp;&amp;"slh"!==a&amp;&amp;(d="&amp;cshid="+f._cshid);c=c||"/"+(g||"gen_204")+"?atyp=i&amp;ct="+a+"&amp;cad="+b+e+"&amp;zx="+Date.now()+d;/^http:/i.test(c)&amp;&amp;"https:"===window.location.protocol&amp;&amp;(google.ml&amp;&amp;google.ml(Error("a"),!1,{src:c,glmm:1}),c="");return c};h=google.kEI;google.getEI=l;google.getLEI=m;google.ml=function(){return null};google.log=function(a,b,c,d,g){if(c=n(a,b,c,d,g)){a=new Image;var e=k.length;k[e]=a;a.onerror=a.onload=a.onabort=function(){delete k[e]};a.src=c}};google.logUrl=n;}).call(this);(function(){
google.y={};google.sy=[];google.x=function(a,b){if(a)var c=a.id;else{do c=Math.random();while(google.y[c])}google.y[c]=[a,b];return!1};google.sx=function(a){google.sy.push(a)};google.lm=[];google.plm=function(a){google.lm.push.apply(google.lm,a)};google.lq=[];google.load=function(a,b,c){google.lq.push([[a],b,c])};google.loadAll=function(a,b){google.lq.push([a,b])};google.bx=!1;google.lx=function(){};}).call(this);google.f={};(function(){
document.documentElement.addEventListener("submit",function(b){var a;if(a=b.target){var c=a.getAttribute("data-submitfalse");a="1"===c||"q"===c&amp;&amp;!a.elements.q.value?!0:!1}else a=!1;a&amp;&amp;(b.preventDefault(),b.stopPropagation())},!0);document.documentElement.addEventListener("click",function(b){var a;a:{for(a=b.target;a&amp;&amp;a!==document.documentElement;a=a.parentElement)if("A"===a.tagName){a="1"===a.getAttribute("data-nohref");break a}a=!1}a&amp;&amp;b.preventDefault()},!0);}).call(this);&lt;/script&gt;&lt;style&gt;#gbar,#guser{font-size:13px;padding-top:1px !important;}#gbar{height:22px}#guser{padding-bottom:7px !important;text-align:right}.gbh,.gbd{border-top:1px solid #c9d7f1;font-size:1px}.gbh{height:0;position:absolute;top:24px;width:100%}@media all{.gb1{height:22px;margin-right:.5em;vertical-align:top}#gbar{float:left}}a.gb1,a.gb4{text-decoration:underline !important}a.gb1,a.gb4{color:#00c !important}.gbi .gb4{color:#dd8e27 !important}.gbf .gb4{color:#900 !important}
&lt;/style&gt;&lt;style&gt;body,td,a,p,.h{font-family:arial,sans-serif}body{margin:0;overflow-y:scroll}#gog{padding:3px 8px 0}td{line-height:.8em}.gac_m td{line-height:17px}form{margin-bottom:20px}.h{color:#1558d6}em{font-weight:bold;font-style:normal}.lst{height:25px;width:496px}.gsfi,.lst{font:18px arial,sans-serif}.gsfs{font:17px arial,sans-serif}.ds{display:inline-box;display:inline-block;margin:3px 0 4px;margin-left:4px}input{font-family:inherit}body{background:#fff;color:#000}a{color:#4b11a8;text-decoration:none}a:hover,a:active{text-decoration:underline}.fl a{color:#1558d6}a:visited{color:#4b11a8}.sblc{padding-top:5px}.sblc a{display:block;margin:2px 0;margin-left:13px;font-size:11px}.lsbb{background:#f8f9fa;border:solid 1px;border-color:#dadce0 #70757a #70757a #dadce0;height:30px}.lsbb{display:block}#WqQANb a{display:inline-block;margin:0 12px}.lsb{background:url(/images/nav_logo229.png) 0 -261px repeat-x;border:none;color:#000;cursor:pointer;height:30px;margin:0;outline:0;font:15px arial,sans-serif;vertical-align:top}.lsb:active{background:#dadce0}.lst:focus{outline:none}.tiah{width:458px}&lt;/style&gt;&lt;script nonce="pzJnrldc48qErtP-wMAZ3Q"&gt;(function(){window.google.erd={jsr:1,bv:1628,de:true};
var h=this||self;var k,l=null!=(k=h.mei)?k:1,n,p=null!=(n=h.sdo)?n:!0,q=0,r,t=google.erd,v=t.jsr;google.ml=function(a,b,d,m,e){e=void 0===e?2:e;b&amp;&amp;(r=a&amp;&amp;a.message);if(google.dl)return google.dl(a,e,d),null;if(0&gt;v){window.console&amp;&amp;console.error(a,d);if(-2===v)throw a;b=!1}else b=!a||!a.message||"Error loading script"===a.message||q&gt;=l&amp;&amp;!m?!1:!0;if(!b)return null;q++;d=d||{};b=encodeURIComponent;var c="/gen_204?atyp=i&amp;ei="+b(google.kEI);google.kEXPI&amp;&amp;(c+="&amp;jexpid="+b(google.kEXPI));c+="&amp;srcpg="+b(google.sn)+"&amp;jsr="+b(t.jsr)+"&amp;bver="+b(t.bv);var f=a.lineNumber;void 0!==f&amp;&amp;(c+="&amp;line="+f);var g=
a.fileName;g&amp;&amp;(0&lt;g.indexOf("-extension:/")&amp;&amp;(e=3),c+="&amp;script="+b(g),f&amp;&amp;g===window.location.href&amp;&amp;(f=document.documentElement.outerHTML.split("\n")[f],c+="&amp;cad="+b(f?f.substring(0,300):"No script found.")));c+="&amp;jsel="+e;for(var u in d)c+="&amp;",c+=b(u),c+="=",c+=b(d[u]);c=c+"&amp;emsg="+b(a.name+": "+a.message);c=c+"&amp;jsst="+b(a.stack||"N/A");12288&lt;=c.length&amp;&amp;(c=c.substr(0,12288));a=c;m||google.log(0,"",a);return a};window.onerror=function(a,b,d,m,e){r!==a&amp;&amp;(a=e instanceof Error?e:Error(a),void 0===d||"lineNumber"in a||(a.lineNumber=d),void 0===b||"fileName"in a||(a.fileName=b),google.ml(a,!1,void 0,!1,"SyntaxError"===a.name||"SyntaxError"===a.message.substring(0,11)||0&lt;a.message.indexOf("Script error")?2:0));r=null;p&amp;&amp;q&gt;=l&amp;&amp;(window.onerror=null)};})();&lt;/script&gt;&lt;/head&gt;&lt;body bgcolor="#fff"&gt;&lt;script nonce="pzJnrldc48qErtP-wMAZ3Q"&gt;(function(){var src='/images/nav_logo229.png';var iesg=false;document.body.onload = function(){window.n &amp;&amp; window.n();if (document.images){new Image().src=src;}
if (!iesg){document.f&amp;&amp;document.f.q.focus();document.gbqf&amp;&amp;document.gbqf.q.focus();}
}
})();&lt;/script&gt;&lt;div id="mngb"&gt;&lt;div id=gbar&gt;&lt;nobr&gt;&lt;b class=gb1&gt;Pesquisa&lt;/b&gt; &lt;a class=gb1 href="https://www.google.com.br/imghp?hl=pt-BR&amp;tab=wi"&gt;Imagens&lt;/a&gt; &lt;a class=gb1 href="https://maps.google.com.br/maps?hl=pt-BR&amp;tab=wl"&gt;Maps&lt;/a&gt; &lt;a class=gb1 href="https://play.google.com/?hl=pt-BR&amp;tab=w8"&gt;Play&lt;/a&gt; &lt;a class=gb1 href="https://www.youtube.com/?gl=BR&amp;tab=w1"&gt;YouTube&lt;/a&gt; &lt;a class=gb1 href="https://news.google.com/?tab=wn"&gt;Notícias&lt;/a&gt; &lt;a class=gb1 href="https://mail.google.com/mail/?tab=wm"&gt;Gmail&lt;/a&gt; &lt;a class=gb1 href="https://drive.google.com/?tab=wo"&gt;Drive&lt;/a&gt; &lt;a class=gb1 style="text-decoration:none" href="https://www.google.com.br/intl/pt-BR/about/products?tab=wh"&gt;&lt;u&gt;Mais&lt;/u&gt; &amp;raquo;&lt;/a&gt;&lt;/nobr&gt;&lt;/div&gt;&lt;div id=guser width=100%&gt;&lt;nobr&gt;&lt;span id=gbn class=gbi&gt;&lt;/span&gt;&lt;span id=gbf class=gbf&gt;&lt;/span&gt;&lt;span id=gbe&gt;&lt;/span&gt;&lt;a href="http://www.google.com.br/history/optout?hl=pt-BR" class=gb4&gt;Histórico da Web&lt;/a&gt; | &lt;a  href="/preferences?hl=pt-BR" class=gb4&gt;Configurações&lt;/a&gt; | &lt;a target=_top id=gb_70 href="https://accounts.google.com/ServiceLogin?hl=pt-BR&amp;passive=true&amp;continue=https://www.google.com/&amp;ec=GAZAAQ" class=gb4&gt;Fazer login&lt;/a&gt;&lt;/nobr&gt;&lt;/div&gt;&lt;div class=gbh style=left:0&gt;&lt;/div&gt;&lt;div class=gbh style=right:0&gt;&lt;/div&gt;&lt;/div&gt;&lt;center&gt;&lt;br clear="all" id="lgpd"&gt;&lt;div id="lga"&gt;&lt;img alt="Google" height="92" src="/images/branding/googlelogo/1x/googlelogo_white_background_color_272x92dp.png" style="padding:28px 0 14px" width="272" id="hplogo"&gt;&lt;br&gt;&lt;br&gt;&lt;/div&gt;&lt;form action="/search" name="f"&gt;&lt;table cellpadding="0" cellspacing="0"&gt;&lt;tr valign="top"&gt;&lt;td width="25%"&gt;&amp;nbsp;&lt;/td&gt;&lt;td align="center" nowrap=""&gt;&lt;input name="ie" value="ISO-8859-1" type="hidden"&gt;&lt;input value="pt-BR" name="hl" type="hidden"&gt;&lt;input name="source" type="hidden" value="hp"&gt;&lt;input name="biw" type="hidden"&gt;&lt;input name="bih" type="hidden"&gt;&lt;div class="ds" style="height:32px;margin:4px 0"&gt;&lt;div style="position:relative;zoom:1"&gt;&lt;input class="lst tiah" style="margin:0;padding:5px 8px 0 6px;vertical-align:top;color:#000;padding-right:38px" autocomplete="off" value="" title="Pesquisa Google" maxlength="2048" name="q" size="57"&gt;&lt;img src="/textinputassistant/tia.png" style="position:absolute;cursor:pointer;right:5px;top:4px;z-index:300" data-script-url="/textinputassistant/11/pt-BR_tia.js" id="tsuid1" alt="" height="23" width="27"&gt;&lt;script nonce="pzJnrldc48qErtP-wMAZ3Q"&gt;(function(){var id='tsuid1';document.getElementById(id).onclick = function(){var s = document.createElement('script');s.src = this.getAttribute('data-script-url');(document.getElementById('xjsc')||document.body).appendChild(s);};})();&lt;/script&gt;&lt;/div&gt;&lt;/div&gt;&lt;br style="line-height:0"&gt;&lt;span class="ds"&gt;&lt;span class="lsbb"&gt;&lt;input class="lsb" value="Pesquisa Google" name="btnG" type="submit"&gt;&lt;/span&gt;&lt;/span&gt;&lt;span class="ds"&gt;&lt;span class="lsbb"&gt;&lt;input class="lsb" id="tsuid2" value="Estou com sorte" name="btnI" type="submit"&gt;&lt;script nonce="pzJnrldc48qErtP-wMAZ3Q"&gt;(function(){var id='tsuid2';document.getElementById(id).onclick = function(){if (this.form.q.value){this.checked = 1;if (this.form.iflsig)this.form.iflsig.disabled = false;}
else top.location='/doodles/';};})();&lt;/script&gt;&lt;input value="AJiK0e8AAAAAYumx9xXVdEUCqAojQJEce0IyqTNvKMBS" name="iflsig" type="hidden"&gt;&lt;/span&gt;&lt;/span&gt;&lt;/td&gt;&lt;td class="fl sblc" ali... (set the log level to DEBUG or TRACE to see the full content) 
 </msg>
<msg timestamp="20220802 19:23:35.567" level="INFO">${response} = &lt;Response [200]&gt;</msg>
<status status="PASS" starttime="20220802 19:23:35.347" endtime="20220802 19:23:35.567"/>
</kw>
<status status="PASS" starttime="20220802 19:23:35.346" endtime="20220802 19:23:35.568"/>
</test>
<test id="s1-t2" name="Quick Get Request With Parameters Test" line="9">
<kw name="GET" library="RequestsLibrary">
<var>${response}</var>
<arg>https://www.google.com/search</arg>
<arg>params=query=ciao</arg>
<arg>expected_status=200</arg>
<doc>Sends a GET request.</doc>
<msg timestamp="20220802 19:23:36.112" level="INFO">GET Request : url=https://www.google.com/search?query=ciao 
 path_url=/search?query=ciao 
 headers={'User-Agent': 'python-requests/2.28.1', 'Accept-Encoding': 'gzip, deflate', 'Accept': '*/*', 'Connection': 'keep-alive'} 
 body=None 
 </msg>
<msg timestamp="20220802 19:23:36.112" level="INFO">GET Response : url=https://www.google.com/search?query=ciao 
 status=200, reason=OK 
 headers={'Content-Type': 'text/html; charset=ISO-8859-1', 'Date': 'Tue, 02 Aug 2022 22:23:35 GMT', 'Expires': '-1', 'Cache-Control': 'private, max-age=0', 'Content-Security-Policy': "object-src 'none';base-uri 'self';script-src 'nonce-Qhc-BfXZ5PRH9ot5H9lbdg' 'strict-dynamic' 'report-sample' 'unsafe-eval' 'unsafe-inline' https: http:;report-uri https://csp.withgoogle.com/csp/gws/xsrp", 'P3P': 'CP="This is not a P3P policy! See g.co/p3phelp for more info."', 'Content-Encoding': 'gzip', 'Server': 'gws', 'X-XSS-Protection': '0', 'X-Frame-Options': 'SAMEORIGIN', 'Set-Cookie': '1P_JAR=2022-08-02-22; expires=Thu, 01-Sep-2022 22:23:35 GMT; path=/; domain=.google.com; Secure, AEC=AakniGMaZmmGblmtZNIftq_IG0KWljDFjouz_N2rs3qrefF_6RFAUJN1D3o; expires=Sun, 29-Jan-2023 22:23:35 GMT; path=/; domain=.google.com; Secure; HttpOnly; SameSite=lax, NID=511=PWaecc7dCGaq8Y8McLMgWnD4BGii09JOH3mvz828gVjNAUv6IKg6xw1d1ykA2EPQejZ9VQ9ekZimNE_FtqGFtga2uXfC1_F1PqylWUJjVqDHHARnSGQMcoZ8w2DkXQM_Hsgo3lC3ZBgKMgVrr5eQZQDmBKkc_yfWQkXAO2MmnRw; expires=Wed, 01-Feb-2023 22:23:35 GMT; path=/; domain=.google.com; HttpOnly', 'Alt-Svc': 'h3=":443"; ma=2592000,h3-29=":443"; ma=2592000,h3-Q050=":443"; ma=2592000,h3-Q046=":443"; ma=2592000,h3-Q043=":443"; ma=2592000,quic=":443"; ma=2592000; v="46,43"', 'Transfer-Encoding': 'chunked'} 
 body=&lt;!doctype html&gt;&lt;html lang="pt-BR"&gt;&lt;head&gt;&lt;meta charset="UTF-8"&gt;&lt;meta content="/images/branding/googleg/1x/googleg_standard_color_128dp.png" itemprop="image"&gt;&lt;title&gt;ciao - Pesquisa Google&lt;/title&gt;&lt;script nonce="Qhc-BfXZ5PRH9ot5H9lbdg"&gt;(function(){
document.documentElement.addEventListener("submit",function(b){var a;if(a=b.target){var c=a.getAttribute("data-submitfalse");a="1"===c||"q"===c&amp;&amp;!a.elements.q.value?!0:!1}else a=!1;a&amp;&amp;(b.preventDefault(),b.stopPropagation())},!0);document.documentElement.addEventListener("click",function(b){var a;a:{for(a=b.target;a&amp;&amp;a!==document.documentElement;a=a.parentElement)if("A"===a.tagName){a="1"===a.getAttribute("data-nohref");break a}a=!1}a&amp;&amp;b.preventDefault()},!0);}).call(this);(function(){
var a=window.performance;window.start=Date.now();a:{var b=window;if(a){var c=a.timing;if(c){var d=c.navigationStart,f=c.responseStart;if(f&gt;d&amp;&amp;f&lt;=window.start){window.start=f;b.wsrt=f-d;break a}}a.now&amp;&amp;(b.wsrt=Math.floor(a.now()))}}window.google=window.google||{};var h=function(g){g&amp;&amp;g.target.setAttribute("data-iml",Date.now())};document.documentElement.addEventListener("load",h,!0);google.rglh=function(){document.documentElement.removeEventListener("load",h,!0)};}).call(this);(function(){window._noJsad=1;})();(function(){window._skwEvts=['qVMfkc:QwZQbe','WTAWSe:WVopDd'];})();(function(){window.google.erd={jsr:1,bv:1628,de:true};})();(function(){var sdo=false;var mei=10;
var h=this||self;var k,l=null!=(k=h.mei)?k:1,n,p=null!=(n=h.sdo)?n:!0,q=0,r,t=google.erd,v=t.jsr;google.ml=function(a,b,d,m,e){e=void 0===e?2:e;b&amp;&amp;(r=a&amp;&amp;a.message);if(google.dl)return google.dl(a,e,d),null;if(0&gt;v){window.console&amp;&amp;console.error(a,d);if(-2===v)throw a;b=!1}else b=!a||!a.message||"Error loading script"===a.message||q&gt;=l&amp;&amp;!m?!1:!0;if(!b)return null;q++;d=d||{};b=encodeURIComponent;var c="/gen_204?atyp=i&amp;ei="+b(google.kEI);google.kEXPI&amp;&amp;(c+="&amp;jexpid="+b(google.kEXPI));c+="&amp;srcpg="+b(google.sn)+"&amp;jsr="+b(t.jsr)+"&amp;bver="+b(t.bv);var f=a.lineNumber;void 0!==f&amp;&amp;(c+="&amp;line="+f);var g=
a.fileName;g&amp;&amp;(0&lt;g.indexOf("-extension:/")&amp;&amp;(e=3),c+="&amp;script="+b(g),f&amp;&amp;g===window.location.href&amp;&amp;(f=document.documentElement.outerHTML.split("\n")[f],c+="&amp;cad="+b(f?f.substring(0,300):"No script found.")));c+="&amp;jsel="+e;for(var u in d)c+="&amp;",c+=b(u),c+="=",c+=b(d[u]);c=c+"&amp;emsg="+b(a.name+": "+a.message);c=c+"&amp;jsst="+b(a.stack||"N/A");12288&lt;=c.length&amp;&amp;(c=c.substr(0,12288));a=c;m||google.log(0,"",a);return a};window.onerror=function(a,b,d,m,e){r!==a&amp;&amp;(a=e instanceof Error?e:Error(a),void 0===d||"lineNumber"in a||(a.lineNumber=d),void 0===b||"fileName"in a||(a.fileName=b),google.ml(a,!1,void 0,!1,"SyntaxError"===a.name||"SyntaxError"===a.message.substring(0,11)||0&lt;a.message.indexOf("Script error")?2:0));r=null;p&amp;&amp;q&gt;=l&amp;&amp;(window.onerror=null)};})();(function(){
var c=[],e=0;window.ping=function(b){-1==b.indexOf("&amp;zx")&amp;&amp;(b+="&amp;zx="+Date.now());var a=new Image,d=e++;c[d]=a;a.onerror=a.onload=a.onabort=function(){delete c[d]};a.src=b};}).call(this);&lt;/script&gt;&lt;style&gt;body{margin:0 auto;max-width:652px;padding:0 8px;}a{color:#1a0dab;text-decoration:none;tap-highlight-color:rgba(0,0,0,.10)}a:visited{color:#4b11a8}a:hover{text-decoration:underline}img{border:0}html{font-family:arial,sans-serif;font-size:14px;line-height:20px;text-size-adjust:100%;color:#3c4043;word-wrap:break-word;background-color:#fff}.bRsWnc{background-color:#fff;border-top:1px solid #dadce0;height:39px;overflow:hidden}.N6RWV{height:51px;overflow-scrolling:touch;overflow-x:auto;overflow-y:hidden}.Uv67qb{box-pack:justify;font-size:12px;line-height:37px;justify-content:space-between;justify-content:space-between}.Uv67qb a,.Uv67qb span{color:#70757a;display:block;flex:none;padding:0 16px;text-align:center;text-transform:uppercase;}span.OXXup{border-bottom:2px solid #4285f4;color:#4285f4;font-weight:bold}a.eZt8xd:visited{color:#70757a}.FElbsf{border-left:1px solid rgba(0,0,0,.12)}header article{overflow:visible}.Pg70bf{height:39px;display:box;display:flex;display:flex;width:100%}.H0PQec{position:relative;flex:1}.sbc{display:flex;width:100%}.Pg70bf input{margin:2px 4px 2px 8px;}.x{width:26px;color:#70757a;font:27px/38px arial, sans-serif;line-height:40px;}#qdClwb{flex:0 0 auto;width:39px;height:39px;border-bottom:0;padding:0;border-top-right-radius:8px;background-color:#1a73e8;border:1px solid #1558d6;background-image:url(data:image/gif;base64,R0lGODdhJAAjAPIHAODr/nCk+MPZ/FmV96zK+/7+/5K5+kqL9iwAAAAAJAAjAEADani63P4wykmbKcQRXDscQAEMXmmeaLQVLCukzyC09AjfeK7v/MAajACLhPMVAgwjsUcEiZa8xgAYrVqv2Kx2iwsIAAABknfBBAKrTE4IcMyot8ur8datqIbQfJdnAfo2WE6BV05wXIiJigkAOw==);}.sc{font-size:16px;position:absolute;top:39px;left:0;right:0;box-shadow:0 2px 5px rgba(0,0,0,.2);z-index:2;background-color:#fff}.sc&gt;div{padding:10px 10px;padding-left:16px;padding-left:14px;border-top:1px solid #dfe1e5;}.scs{background-color:#fafafa;}.noHIxc{display:block;font-size:16px;padding:0 0 0 8px;flex:1;height:35px;outline:none;border:none;width:100%;-webkit-tap-highlight-color:rgba(0,0,0,.00);overflow:hidden;}.sbc input[type=text]{background:none}.bz1lBb{background-color:#fff;border-radius:8px 8px 0 0;box-shadow:0 0 0 1px #dfe1e5;margin-top:24px;}.KP7LCb{border-radius:0 0 8px 8px;box-shadow:0px 1px 0px 1px #dfe1e5;margin-bottom:30px;overflow:hidden}html{background-color:#fff}body{margin:0 auto 0 156px;max-width:652px;min-width:652px}.cOl4Id{letter-spacing:-1px;text-align:center;font:22pt Futura, Arial, sans-serif;height:37px;font-smoothing:antialiased;padding:32px 28px 0 24px;position:absolute;left:0;top:0}.cOl4Id span{display:inline-block}.V6gwVd{color:#4285f4}.iWkuvd{color:#ea4335}.cDrQ7{color:#fcc934}.ntlR9{color:#34a853}.tJ3Myc{-webkit-transform:rotate(-20deg);position:relative;left:-1px;display:inline-block}footer{text-align:center;margin-top:18px}footer a,footer a:visited,.smiUbb{color:#70757a}.xeDNfc{margin:0 13px;white-space:nowrap}#EOlPnc{margin-top:36px}#EOlPnc&gt;div{margin:20px}.Srfpq{color:#70757a}&lt;/style&gt;&lt;/head&gt;&lt;body jsmodel="hspDDf"&gt;&lt;header id="hdr"&gt;&lt;script nonce="Qhc-BfXZ5PRH9ot5H9lbdg"&gt;(function(){
var k=this||self,l=function(a){var b=typeof a;return"object"==b&amp;&amp;null!=a||"function"==b},m=function(a,b){function c(){}c.prototype=b.prototype;a.j=b.prototype;a.prototype=new c;a.prototype.constructor=a;a.l=function(d,e,f){for(var g=Array(arguments.length-2),h=2;h&lt;arguments.length;h++)g[h-2]=arguments[h];return b.prototype[e].apply(d,g)}};var n=Array.prototype.indexOf?function(a,b){return Array.prototype.indexOf.call(a,b,void 0)}:function(a,b){if("string"===typeof a)return"string"!==typeof b||1!=b.length?-1:a.indexOf(b,0);for(var c=0;c&lt;a.length;c++)if(c in a&amp;&amp;a[c]===b)return c;return-1};var p=function(a){return"string"==typeof a.className?a.className:a.getAttribute&amp;&amp;a.getAttribute("class")||""},q=function(a,b){"string"==typeof a.className?a.className=b:a.setAttribute&amp;&amp;a.setAttribute("class",b)},r=function(a,b){a.classList?b=a.classList.contains(b):(a=a.classList?a.classList:p(a).match(/\S+/g)||[],b=0&lt;=n(a,b));return b},v=function(){var a=t,b=u;a.classList?a.classList.remove(b):r(a,b)&amp;&amp;q(a,Array.prototype.filter.call(a.classList?a.classList:p(a).match(/\S+/g)||[],function(c){return c!=
b}).join(" "))};function w(){var a=k.navigator;return a&amp;&amp;(a=a.userAgent)?a:""};var x=function(a){x[" "](a);return a};x[" "]=function(){};var y=-1!=w().indexOf("Gecko")&amp;&amp;!(-1!=w().toLowerCase().indexOf("webkit")&amp;&amp;-1==w().indexOf("Edge"))&amp;&amp;!(-1!=w().indexOf("Trident")||-1!=w().indexOf("MSIE"))&amp;&amp;-1==w().indexOf("Edge");var z=function(a,b){this.type=a;this.target=b};z.prototype.g=function(){};var A=function(){if(!k.addEventListener||!Object.defineProperty)return!1;var a=!1,b=Object.defineProperty({},"passive",{get:function(){a=!0}});try{k.addEventListener("test",function(){},b),k.removeEventListener("test",function(){},b)}catch(c){}return a}();var C=function(a){z.call(this,a?a.type:"");this.relatedTarget=this.target=null;this.button=this.screenY=this.screenX=this.clientY=this.clientX=0;this.key="";this.keyCode=0;this.metaKey=this.shiftKey=this.altKey=this.ctrlKey=!1;this.state=null;this.pointerId=0;this.pointerType="";this.h=null;if(a){var b=this.type=a.type,c=a.changedTouches&amp;&amp;a.changedTouches.length?a.changedTouches[0]:null;this.target=a.target||a.srcElement;var d=a.relatedTarget;if(d){if(y){a:{try{x(d.nodeName);var e=!0;break a}catch(f){}e=
!1}e||(d=null)}}else"mouseover"==b?d=a.fromElement:"mouseout"==b&amp;&amp;(d=a.toElement);this.relatedTarget=d;c?(this.clientX=void 0!==c.clientX?c.clientX:c.pageX,this.clientY=void 0!==c.clientY?c.clientY:c.pageY,this.screenX=c.screenX||0,this.screenY=c.screenY||0):(this.clientX=void 0!==a.clientX?a.clientX:a.pageX,this.clientY=void 0!==a.clientY?a.clientY:a.pageY,this.screenX=a.screenX||0,this.screenY=a.screenY||0);this.button=a.button;this.keyCode=a.keyCode||0;this.key=a.key||"";this.ctrlKey=a.ctrlKey;this.altKey=a.altKey;this.shiftKey=a.shiftKey;this.metaKey=a.metaKey;this.pointerId=a.pointerId||0;this.pointerType="string"===typeof a.pointerType?a.pointerType:B[a.pointerType]||"";this.state=a.state;this.h=a;a.defaultPrevented&amp;&amp;C.j.g.call(this)}};m(C,z);var B={2:"touch",3:"pen",4:"mouse"};C.prototype.g=function(){C.j.g.call(this);var a=this.h;a.preventDefault?a.preventDefault():a.returnValue=!1};var D="closure_listenable_"+(1E6*Math.random()|0);var E=0;var F=function(a,b,c,d,e){this.listener=a;this.proxy=null;this.src=b;this.type=c;this.capture=!!d;this.h=e;this.key=++E;this.g=this.i=!1},G=function(a){a.g=!0;a.listener=null;a.proxy=null;a.src=null;a.h=null};var H=function(a){this.src=a;this.g={};this.h=0};H.prototype.add=function(a,b,c,d,e){var f=a.toString();a=this.g[f];a||(a=this.g[f]=[],this.h++);var g;a:{for(g=0;g&lt;a.length;++g){var h=a[g];if(!h.g&amp;&amp;h.listener==b&amp;&amp;h.capture==!!d&amp;&amp;h.h==e)break a}g=-1}-1&lt;g?(b=a[g],c||(b.i=!1)):(b=new F(b,this.src,f,!!d,e),b.i=c,a.push(b));return b};var I="closure_lm_"+(1E6*Math.random()|0),J={},K=0,M=function(a,b,c,d,e){if(d&amp;&amp;d.once)return L(a,b,c,d,e);if(Array.isArray(b)){for(var f=0;f&lt;b.length;f++)M(a,b[f],c,d,e);return null}c=N(c);return a&amp;&amp;a[D]?a.g(b,c,l(d)?!!d.captur... (set the log level to DEBUG or TRACE to see the full content) 
 </msg>
<msg timestamp="20220802 19:23:36.113" level="INFO">${response} = &lt;Response [200]&gt;</msg>
<status status="PASS" starttime="20220802 19:23:35.570" endtime="20220802 19:23:36.113"/>
</kw>
<status status="PASS" starttime="20220802 19:23:35.570" endtime="20220802 19:23:36.115"/>
</test>
<test id="s1-t3" name="Quick Get A JSON Body Test" line="12">
<kw name="GET" library="RequestsLibrary">
<var>${response}</var>
<arg>https://jsonplaceholder.typicode.com/posts/1</arg>
<doc>Sends a GET request.</doc>
<msg timestamp="20220802 19:23:36.257" level="INFO">GET Request : url=https://jsonplaceholder.typicode.com/posts/1 
 path_url=/posts/1 
 headers={'User-Agent': 'python-requests/2.28.1', 'Accept-Encoding': 'gzip, deflate', 'Accept': '*/*', 'Connection': 'keep-alive'} 
 body=None 
 </msg>
<msg timestamp="20220802 19:23:36.257" level="INFO">GET Response : url=https://jsonplaceholder.typicode.com/posts/1 
 status=200, reason=OK 
 headers={'Date': 'Tue, 02 Aug 2022 22:23:36 GMT', 'Content-Type': 'application/json; charset=utf-8', 'Transfer-Encoding': 'chunked', 'Connection': 'keep-alive', 'X-Powered-By': 'Express', 'X-Ratelimit-Limit': '1000', 'X-Ratelimit-Remaining': '999', 'X-Ratelimit-Reset': '1648556646', 'Vary': 'Origin, Accept-Encoding', 'Access-Control-Allow-Credentials': 'true', 'Cache-Control': 'max-age=43200', 'Pragma': 'no-cache', 'Expires': '-1', 'X-Content-Type-Options': 'nosniff', 'Etag': 'W/"124-yiKdLzqO5gfBrJFrcdJ8Yq0LGnU"', 'Via': '1.1 vegur', 'CF-Cache-Status': 'HIT', 'Age': '25994', 'Expect-CT': 'max-age=604800, report-uri="https://report-uri.cloudflare.com/cdn-cgi/beacon/expect-ct"', 'Report-To': '{"endpoints":[{"url":"https:\\/\\/a.nel.cloudflare.com\\/report\\/v3?s=MUt5jwDswCKcset89vYlllcbxhT%2B2tbPzffwuX%2FGRyWlI521juLts7bKslQZKJe2pYlnMyYcF3WAhe46M16ZbsErkiMVklmMuijGz%2FgW2%2Bty7t2YEvkDczduRs88XvSzot1Z%2Fpzl8sRmfbMETVqAQp2%2FvBnKz7Hchdzq"}],"group":"cf-nel","max_age":604800}', 'NEL': '{"success_fraction":0,"report_to":"cf-nel","max_age":604800}', 'Server': 'cloudflare', 'CF-RAY': '734a380bcd4aa4a2-GRU', 'Content-Encoding': 'gzip', 'alt-svc': 'h3=":443"; ma=86400, h3-29=":443"; ma=86400'} 
 body={
  "userId": 1,
  "id": 1,
  "title": "sunt aut facere repellat provident occaecati excepturi optio reprehenderit",
  "body": "quia et suscipit\nsuscipit recusandae consequuntur expedita et cum\nreprehenderit molestiae ut ut quas totam\nnostrum rerum est autem sunt rem eveniet architecto"
} 
 </msg>
<msg timestamp="20220802 19:23:36.257" level="INFO">${response} = &lt;Response [200]&gt;</msg>
<status status="PASS" starttime="20220802 19:23:36.118" endtime="20220802 19:23:36.257"/>
</kw>
<kw name="Should Be Equal As Strings" library="BuiltIn">
<arg>1</arg>
<arg>${response.json()}[id]</arg>
<doc>Fails if objects are unequal after converting them to strings.</doc>
<msg timestamp="20220802 19:23:36.259" level="INFO">Argument types are:
&lt;class 'str'&gt;
&lt;class 'int'&gt;</msg>
<status status="PASS" starttime="20220802 19:23:36.258" endtime="20220802 19:23:36.259"/>
</kw>
<status status="PASS" starttime="20220802 19:23:36.117" endtime="20220802 19:23:36.260"/>
</test>
<status status="PASS" starttime="20220802 19:23:35.251" endtime="20220802 19:23:36.261"/>
</suite>
<statistics>
<total>
<stat pass="3" fail="0" skip="0">All Tests</stat>
</total>
<tag>
</tag>
<suite>
<stat pass="3" fail="0" skip="0" id="s1" name="Api">Api</stat>
</suite>
</statistics>
<errors>
</errors>
</robot>
